# JRE version: OpenJDK Runtime Environment (8.0_382-b05) (build 1.8.0_382-382-b05)
# Java VM: OpenJDK Server VM (25.382-b05 mixed mode windows-x86 )
Heap:
 PSYoungGen      total 524032K, used 0K [0x51a00000, 0x71a00000, 0x71a00000)
  eden space 523776K, 0% used [0x51a00000,0x51a00000,0x71980000)
  from space 256K, 0% used [0x71980000,0x71980000,0x719c0000)
  to   space 256K, 0% used [0x719c0000,0x719c0000,0x71a00000)
 ParOldGen       total 1048576K, used 15348K [0x11a00000, 0x51a00000, 0x51a00000)
  object space 1048576K, 1% used [0x11a00000,0x128fd1f0,0x51a00000)
 Metaspace       used 30535K, capacity 31868K, committed 32128K, reserved 32128K
GC Heap History (10 events):
Event: 55.966 GC heap after
Heap after GC invocations=1347 (full 666):
 PSYoungGen      total 524032K, used 0K [0x51a00000, 0x71a00000, 0x71a00000)
  eden space 523776K, 0% used [0x51a00000,0x51a00000,0x71980000)
  from space 256K, 0% used [0x71980000,0x71980000,0x719c0000)
  to   space 256K, 0% used [0x719c0000,0x719c0000,0x71a00000)
 ParOldGen       total 1048576K, used 15348K [0x11a00000, 0x51a00000, 0x51a00000)
  object space 1048576K, 1% used [0x11a00000,0x128fd200,0x51a00000)
 Metaspace       used 30535K, capacity 31868K, committed 32128K, reserved 32128K
}
Event: 55.966 GC heap before
{Heap before GC invocations=1348 (full 667):
 PSYoungGen      total 524032K, used 0K [0x51a00000, 0x71a00000, 0x71a00000)
  eden space 523776K, 0% used [0x51a00000,0x51a00000,0x71980000)
  from space 256K, 0% used [0x71980000,0x71980000,0x719c0000)
  to   space 256K, 0% used [0x719c0000,0x719c0000,0x71a00000)
 ParOldGen       total 1048576K, used 15348K [0x11a00000, 0x51a00000, 0x51a00000)
  object space 1048576K, 1% used [0x11a00000,0x128fd200,0x51a00000)
 Metaspace       used 30535K, capacity 31868K, committed 32128K, reserved 32128K
Event: 56.027 GC heap after
Heap after GC invocations=1348 (full 667):
 PSYoungGen      total 524032K, used 0K [0x51a00000, 0x71a00000, 0x71a00000)
  eden space 523776K, 0% used [0x51a00000,0x51a00000,0x71980000)
  from space 256K, 0% used [0x71980000,0x71980000,0x719c0000)
  to   space 256K, 0% used [0x719c0000,0x719c0000,0x71a00000)
 ParOldGen       total 1048576K, used 15348K [0x11a00000, 0x51a00000, 0x51a00000)
  object space 1048576K, 1% used [0x11a00000,0x128fd200,0x51a00000)
 Metaspace       used 30535K, capacity 31868K, committed 32128K, reserved 32128K
}
Event: 56.028 GC heap before
{Heap before GC invocations=1349 (full 667):
 PSYoungGen      total 524032K, used 557K [0x51a00000, 0x71a00000, 0x71a00000)
  eden space 523776K, 0% used [0x51a00000,0x51a8b628,0x71980000)
  from space 256K, 0% used [0x71980000,0x71980000,0x719c0000)
  to   space 256K, 0% used [0x719c0000,0x719c0000,0x71a00000)
 ParOldGen       total 1048576K, used 15348K [0x11a00000, 0x51a00000, 0x51a00000)
  object space 1048576K, 1% used [0x11a00000,0x128fd200,0x51a00000)
 Metaspace       used 30535K, capacity 31868K, committed 32128K, reserved 32128K
Event: 56.030 GC heap after
Heap after GC invocations=1349 (full 667):
 PSYoungGen      total 524032K, used 16K [0x51a00000, 0x71a00000, 0x71a00000)
  eden space 523776K, 0% used [0x51a00000,0x51a00000,0x71980000)
  from space 256K, 6% used [0x719c0000,0x719c4000,0x71a00000)
  to   space 256K, 0% used [0x71980000,0x71980000,0x719c0000)
 ParOldGen       total 1048576K, used 15348K [0x11a00000, 0x51a00000, 0x51a00000)
  object space 1048576K, 1% used [0x11a00000,0x128fd200,0x51a00000)
 Metaspace       used 30535K, capacity 31868K, committed 32128K, reserved 32128K
}
Event: 56.030 GC heap before
{Heap before GC invocations=1350 (full 668):
 PSYoungGen      total 524032K, used 16K [0x51a00000, 0x71a00000, 0x71a00000)
  eden space 523776K, 0% used [0x51a00000,0x51a00000,0x71980000)
  from space 256K, 6% used [0x719c0000,0x719c4000,0x71a00000)
  to   space 256K, 0% used [0x71980000,0x71980000,0x719c0000)
 ParOldGen       total 1048576K, used 15348K [0x11a00000, 0x51a00000, 0x51a00000)
  object space 1048576K, 1% used [0x11a00000,0x128fd200,0x51a00000)
 Metaspace       used 30535K, capacity 31868K, committed 32128K, reserved 32128K
Event: 56.102 GC heap after
Heap after GC invocations=1350 (full 668):
 PSYoungGen      total 524032K, used 0K [0x51a00000, 0x71a00000, 0x71a00000)
  eden space 523776K, 0% used [0x51a00000,0x51a00000,0x71980000)
  from space 256K, 0% used [0x719c0000,0x719c0000,0x71a00000)
  to   space 256K, 0% used [0x71980000,0x71980000,0x719c0000)
 ParOldGen       total 1048576K, used 15348K [0x11a00000, 0x51a00000, 0x51a00000)
  object space 1048576K, 1% used [0x11a00000,0x128fd1f0,0x51a00000)
 Metaspace       used 30535K, capacity 31868K, committed 32128K, reserved 32128K
}
Event: 56.102 GC heap before
{Heap before GC invocations=1351 (full 668):
 PSYoungGen      total 524032K, used 0K [0x51a00000, 0x71a00000, 0x71a00000)
  eden space 523776K, 0% used [0x51a00000,0x51a00000,0x71980000)
  from space 256K, 0% used [0x719c0000,0x719c0000,0x71a00000)
  to   space 256K, 0% used [0x71980000,0x71980000,0x719c0000)
 ParOldGen       total 1048576K, used 15348K [0x11a00000, 0x51a00000, 0x51a00000)
  object space 1048576K, 1% used [0x11a00000,0x128fd1f0,0x51a00000)
 Metaspace       used 30535K, capacity 31868K, committed 32128K, reserved 32128K
Event: 56.107 GC heap after
Heap after GC invocations=1351 (full 668):
 PSYoungGen      total 524032K, used 0K [0x51a00000, 0x71a00000, 0x71a00000)
  eden space 523776K, 0% used [0x51a00000,0x51a00000,0x71980000)
  from space 256K, 0% used [0x71980000,0x71980000,0x719c0000)
  to   space 256K, 0% used [0x719c0000,0x719c0000,0x71a00000)
 ParOldGen       total 1048576K, used 15348K [0x11a00000, 0x51a00000, 0x51a00000)
  object space 1048576K, 1% used [0x11a00000,0x128fd1f0,0x51a00000)
 Metaspace       used 30535K, capacity 31868K, committed 32128K, reserved 32128K
}
Event: 56.107 GC heap before
{Heap before GC invocations=1352 (full 669):
 PSYoungGen      total 524032K, used 0K [0x51a00000, 0x71a00000, 0x71a00000)
  eden space 523776K, 0% used [0x51a00000,0x51a00000,0x71980000)
  from space 256K, 0% used [0x71980000,0x71980000,0x719c0000)
  to   space 256K, 0% used [0x719c0000,0x719c0000,0x71a00000)
 ParOldGen       total 1048576K, used 15348K [0x11a00000, 0x51a00000, 0x51a00000)
  object space 1048576K, 1% used [0x11a00000,0x128fd1f0,0x51a00000)
 Metaspace       used 30535K, capacity 31868K, committed 32128K, reserved 32128K

