# JRE version: OpenJDK Runtime Environment (8.0_382-b05) (build 1.8.0_382-382-b05)
# Java VM: OpenJDK Server VM (25.382-b05 mixed mode windows-x86 )
Heap:
 PSYoungGen      total 175360K, used 83034K [0x51e00000, 0x61840000, 0x71e00000)
  eden space 167936K, 45% used [0x51e00000,0x567d71f8,0x5c200000)
  from space 7424K, 99% used [0x5c200000,0x5c93f928,0x5c940000)
  to   space 9728K, 0% used [0x60ec0000,0x60ec0000,0x61840000)
 ParOldGen       total 33792K, used 12084K [0x11e00000, 0x13f00000, 0x51e00000)
  object space 33792K, 35% used [0x11e00000,0x129cd1e8,0x13f00000)
 Metaspace       used 23339K, capacity 24485K, committed 24576K, reserved 24960K
GC Heap History (10 events):
Event: 6.409 GC heap before
{Heap before GC invocations=10 (full 0):
 PSYoungGen      total 70400K, used 70398K [0x51e00000, 0x59000000, 0x71e00000)
  eden space 66560K, 100% used [0x51e00000,0x55f00000,0x55f00000)
  from space 3840K, 99% used [0x55f00000,0x562bf8f0,0x562c0000)
  to   space 5120K, 0% used [0x58b00000,0x58b00000,0x59000000)
 ParOldGen       total 43776K, used 5741K [0x11e00000, 0x148c0000, 0x51e00000)
  object space 43776K, 13% used [0x11e00000,0x1239b530,0x148c0000)
 Metaspace       used 12081K, capacity 12577K, committed 12672K, reserved 12672K
Event: 6.421 GC heap after
Heap after GC invocations=10 (full 0):
 PSYoungGen      total 110080K, used 5112K [0x51e00000, 0x59300000, 0x71e00000)
  eden space 104960K, 0% used [0x51e00000,0x51e00000,0x58480000)
  from space 5120K, 99% used [0x58b00000,0x58ffe2d0,0x59000000)
  to   space 6656K, 0% used [0x58480000,0x58480000,0x58b00000)
 ParOldGen       total 43776K, used 8012K [0x11e00000, 0x148c0000, 0x51e00000)
  object space 43776K, 18% used [0x11e00000,0x125d3370,0x148c0000)
 Metaspace       used 12081K, capacity 12577K, committed 12672K, reserved 12672K
}
Event: 7.306 GC heap before
{Heap before GC invocations=11 (full 0):
 PSYoungGen      total 110080K, used 110072K [0x51e00000, 0x59300000, 0x71e00000)
  eden space 104960K, 100% used [0x51e00000,0x58480000,0x58480000)
  from space 5120K, 99% used [0x58b00000,0x58ffe2d0,0x59000000)
  to   space 6656K, 0% used [0x58480000,0x58480000,0x58b00000)
 ParOldGen       total 43776K, used 8012K [0x11e00000, 0x148c0000, 0x51e00000)
  object space 43776K, 18% used [0x11e00000,0x125d3370,0x148c0000)
 Metaspace       used 15324K, capacity 15896K, committed 16000K, reserved 16768K
Event: 7.318 GC heap after
Heap after GC invocations=11 (full 0):
 PSYoungGen      total 111616K, used 6399K [0x51e00000, 0x5d080000, 0x71e00000)
  eden space 104960K, 0% used [0x51e00000,0x51e00000,0x58480000)
  from space 6656K, 96% used [0x58480000,0x58abfc20,0x58b00000)
  to   space 7424K, 0% used [0x5c940000,0x5c940000,0x5d080000)
 ParOldGen       total 43776K, used 10664K [0x11e00000, 0x148c0000, 0x51e00000)
  object space 43776K, 24% used [0x11e00000,0x1286a2a8,0x148c0000)
 Metaspace       used 15324K, capacity 15896K, committed 16000K, reserved 16768K
}
Event: 7.478 GC heap before
{Heap before GC invocations=12 (full 0):
 PSYoungGen      total 111616K, used 32384K [0x51e00000, 0x5d080000, 0x71e00000)
  eden space 104960K, 24% used [0x51e00000,0x53760588,0x58480000)
  from space 6656K, 96% used [0x58480000,0x58abfc20,0x58b00000)
  to   space 7424K, 0% used [0x5c940000,0x5c940000,0x5d080000)
 ParOldGen       total 43776K, used 10664K [0x11e00000, 0x148c0000, 0x51e00000)
  object space 43776K, 24% used [0x11e00000,0x1286a2a8,0x148c0000)
 Metaspace       used 15789K, capacity 16349K, committed 16384K, reserved 16768K
Event: 7.484 GC heap after
Heap after GC invocations=12 (full 0):
 PSYoungGen      total 175360K, used 1391K [0x51e00000, 0x5d080000, 0x71e00000)
  eden space 167936K, 0% used [0x51e00000,0x51e00000,0x5c200000)
  from space 7424K, 18% used [0x5c940000,0x5ca9bd50,0x5d080000)
  to   space 7424K, 0% used [0x5c200000,0x5c200000,0x5c940000)
 ParOldGen       total 43776K, used 12276K [0x11e00000, 0x148c0000, 0x51e00000)
  object space 43776K, 28% used [0x11e00000,0x129fd178,0x148c0000)
 Metaspace       used 15789K, capacity 16349K, committed 16384K, reserved 16768K
}
Event: 7.484 GC heap before
{Heap before GC invocations=13 (full 1):
 PSYoungGen      total 175360K, used 1391K [0x51e00000, 0x5d080000, 0x71e00000)
  eden space 167936K, 0% used [0x51e00000,0x51e00000,0x5c200000)
  from space 7424K, 18% used [0x5c940000,0x5ca9bd50,0x5d080000)
  to   space 7424K, 0% used [0x5c200000,0x5c200000,0x5c940000)
 ParOldGen       total 43776K, used 12276K [0x11e00000, 0x148c0000, 0x51e00000)
  object space 43776K, 28% used [0x11e00000,0x129fd178,0x148c0000)
 Metaspace       used 15789K, capacity 16349K, committed 16384K, reserved 16768K
Event: 7.541 GC heap after
Heap after GC invocations=13 (full 1):
 PSYoungGen      total 175360K, used 0K [0x51e00000, 0x5d080000, 0x71e00000)
  eden space 167936K, 0% used [0x51e00000,0x51e00000,0x5c200000)
  from space 7424K, 0% used [0x5c940000,0x5c940000,0x5d080000)
  to   space 7424K, 0% used [0x5c200000,0x5c200000,0x5c940000)
 ParOldGen       total 33792K, used 9110K [0x11e00000, 0x13f00000, 0x51e00000)
  object space 33792K, 26% used [0x11e00000,0x126e58c0,0x13f00000)
 Metaspace       used 15789K, capacity 16349K, committed 16384K, reserved 16768K
}
Event: 9.170 GC heap before
{Heap before GC invocations=14 (full 1):
 PSYoungGen      total 175360K, used 167936K [0x51e00000, 0x5d080000, 0x71e00000)
  eden space 167936K, 100% used [0x51e00000,0x5c200000,0x5c200000)
  from space 7424K, 0% used [0x5c940000,0x5c940000,0x5d080000)
  to   space 7424K, 0% used [0x5c200000,0x5c200000,0x5c940000)
 ParOldGen       total 33792K, used 9110K [0x11e00000, 0x13f00000, 0x51e00000)
  object space 33792K, 26% used [0x11e00000,0x126e58c0,0x13f00000)
 Metaspace       used 20890K, capacity 21845K, committed 21888K, reserved 21888K
Event: 9.185 GC heap after
Heap after GC invocations=14 (full 1):
 PSYoungGen      total 175360K, used 7422K [0x51e00000, 0x61840000, 0x71e00000)
  eden space 167936K, 0% used [0x51e00000,0x51e00000,0x5c200000)
  from space 7424K, 99% used [0x5c200000,0x5c93f928,0x5c940000)
  to   space 9728K, 0% used [0x60ec0000,0x60ec0000,0x61840000)
 ParOldGen       total 33792K, used 12084K [0x11e00000, 0x13f00000, 0x51e00000)
  object space 33792K, 35% used [0x11e00000,0x129cd1e8,0x13f00000)
 Metaspace       used 20890K, capacity 21845K, committed 21888K, reserved 21888K
}

