# JRE version: OpenJDK Runtime Environment (8.0_382-b05) (build 1.8.0_382-382-b05)
# Java VM: OpenJDK Server VM (25.382-b05 mixed mode windows-x86 )
Heap:
 PSYoungGen      total 219648K, used 44166K [0x51c00000, 0x65840000, 0x71c00000)
  eden space 209408K, 16% used [0x51c00000,0x53d23890,0x5e880000)
  from space 10240K, 99% used [0x5e880000,0x5f27e138,0x5f280000)
  to   space 12544K, 0% used [0x64c00000,0x64c00000,0x65840000)
 ParOldGen       total 34304K, used 11715K [0x11c00000, 0x13d80000, 0x51c00000)
  object space 34304K, 34% used [0x11c00000,0x12770d58,0x13d80000)
 Metaspace       used 23419K, capacity 24567K, committed 24576K, reserved 24960K
GC Heap History (10 events):
Event: 5.936 GC heap before
{Heap before GC invocations=8 (full 0):
 PSYoungGen      total 70912K, used 70909K [0x51c00000, 0x5aa00000, 0x71c00000)
  eden space 66304K, 100% used [0x51c00000,0x55cc0000,0x55cc0000)
  from space 4608K, 99% used [0x55cc0000,0x5613f580,0x56140000)
  to   space 6400K, 0% used [0x5a3c0000,0x5a3c0000,0x5aa00000)
 ParOldGen       total 43776K, used 3722K [0x11c00000, 0x146c0000, 0x51c00000)
  object space 43776K, 8% used [0x11c00000,0x11fa2a50,0x146c0000)
 Metaspace       used 10965K, capacity 11363K, committed 11392K, reserved 11648K
Event: 5.947 GC heap after
Heap after GC invocations=8 (full 0):
 PSYoungGen      total 137216K, used 6396K [0x51c00000, 0x5ad80000, 0x71c00000)
  eden space 130816K, 0% used [0x51c00000,0x51c00000,0x59bc0000)
  from space 6400K, 99% used [0x5a3c0000,0x5a9ff098,0x5aa00000)
  to   space 8192K, 0% used [0x59bc0000,0x59bc0000,0x5a3c0000)
 ParOldGen       total 43776K, used 5428K [0x11c00000, 0x146c0000, 0x51c00000)
  object space 43776K, 12% used [0x11c00000,0x1214d1b0,0x146c0000)
 Metaspace       used 10965K, capacity 11363K, committed 11392K, reserved 11648K
}
Event: 7.444 GC heap before
{Heap before GC invocations=9 (full 0):
 PSYoungGen      total 137216K, used 137212K [0x51c00000, 0x5ad80000, 0x71c00000)
  eden space 130816K, 100% used [0x51c00000,0x59bc0000,0x59bc0000)
  from space 6400K, 99% used [0x5a3c0000,0x5a9ff098,0x5aa00000)
  to   space 8192K, 0% used [0x59bc0000,0x59bc0000,0x5a3c0000)
 ParOldGen       total 43776K, used 5428K [0x11c00000, 0x146c0000, 0x51c00000)
  object space 43776K, 12% used [0x11c00000,0x1214d1b0,0x146c0000)
 Metaspace       used 14843K, capacity 15416K, committed 15488K, reserved 15744K
Event: 7.460 GC heap after
Heap after GC invocations=9 (full 0):
 PSYoungGen      total 139008K, used 8179K [0x51c00000, 0x5fd80000, 0x71c00000)
  eden space 130816K, 0% used [0x51c00000,0x51c00000,0x59bc0000)
  from space 8192K, 99% used [0x59bc0000,0x5a3bcf18,0x5a3c0000)
  to   space 10752K, 0% used [0x5f300000,0x5f300000,0x5fd80000)
 ParOldGen       total 43776K, used 8811K [0x11c00000, 0x146c0000, 0x51c00000)
  object space 43776K, 20% used [0x11c00000,0x1249ac78,0x146c0000)
 Metaspace       used 14843K, capacity 15416K, committed 15488K, reserved 15744K
}
Event: 7.720 GC heap before
{Heap before GC invocations=10 (full 0):
 PSYoungGen      total 139008K, used 45215K [0x51c00000, 0x5fd80000, 0x71c00000)
  eden space 130816K, 28% used [0x51c00000,0x5402ad70,0x59bc0000)
  from space 8192K, 99% used [0x59bc0000,0x5a3bcf18,0x5a3c0000)
  to   space 10752K, 0% used [0x5f300000,0x5f300000,0x5fd80000)
 ParOldGen       total 43776K, used 8811K [0x11c00000, 0x146c0000, 0x51c00000)
  object space 43776K, 20% used [0x11c00000,0x1249ac78,0x146c0000)
 Metaspace       used 15788K, capacity 16349K, committed 16384K, reserved 16768K
Event: 7.733 GC heap after
Heap after GC invocations=10 (full 0):
 PSYoungGen      total 219136K, used 4177K [0x51c00000, 0x5fc80000, 0x71c00000)
  eden space 209408K, 0% used [0x51c00000,0x51c00000,0x5e880000)
  from space 9728K, 42% used [0x5f300000,0x5f7144d8,0x5fc80000)
  to   space 10240K, 0% used [0x5e880000,0x5e880000,0x5f280000)
 ParOldGen       total 43776K, used 11563K [0x11c00000, 0x146c0000, 0x51c00000)
  object space 43776K, 26% used [0x11c00000,0x1274acc0,0x146c0000)
 Metaspace       used 15788K, capacity 16349K, committed 16384K, reserved 16768K
}
Event: 7.733 GC heap before
{Heap before GC invocations=11 (full 1):
 PSYoungGen      total 219136K, used 4177K [0x51c00000, 0x5fc80000, 0x71c00000)
  eden space 209408K, 0% used [0x51c00000,0x51c00000,0x5e880000)
  from space 9728K, 42% used [0x5f300000,0x5f7144d8,0x5fc80000)
  to   space 10240K, 0% used [0x5e880000,0x5e880000,0x5f280000)
 ParOldGen       total 43776K, used 11563K [0x11c00000, 0x146c0000, 0x51c00000)
  object space 43776K, 26% used [0x11c00000,0x1274acc0,0x146c0000)
 Metaspace       used 15788K, capacity 16349K, committed 16384K, reserved 16768K
Event: 7.788 GC heap after
Heap after GC invocations=11 (full 1):
 PSYoungGen      total 219136K, used 0K [0x51c00000, 0x5fc80000, 0x71c00000)
  eden space 209408K, 0% used [0x51c00000,0x51c00000,0x5e880000)
  from space 9728K, 0% used [0x5f300000,0x5f300000,0x5fc80000)
  to   space 10240K, 0% used [0x5e880000,0x5e880000,0x5f280000)
 ParOldGen       total 34304K, used 9622K [0x11c00000, 0x13d80000, 0x51c00000)
  object space 34304K, 28% used [0x11c00000,0x12565960,0x13d80000)
 Metaspace       used 15788K, capacity 16349K, committed 16384K, reserved 16768K
}
Event: 9.936 GC heap before
{Heap before GC invocations=12 (full 1):
 PSYoungGen      total 219136K, used 209408K [0x51c00000, 0x5fc80000, 0x71c00000)
  eden space 209408K, 100% used [0x51c00000,0x5e880000,0x5e880000)
  from space 9728K, 0% used [0x5f300000,0x5f300000,0x5fc80000)
  to   space 10240K, 0% used [0x5e880000,0x5e880000,0x5f280000)
 ParOldGen       total 34304K, used 9622K [0x11c00000, 0x13d80000, 0x51c00000)
  object space 34304K, 28% used [0x11c00000,0x12565960,0x13d80000)
 Metaspace       used 22004K, capacity 23050K, committed 23168K, reserved 23936K
Event: 9.954 GC heap after
Heap after GC invocations=12 (full 1):
 PSYoungGen      total 219648K, used 10232K [0x51c00000, 0x65840000, 0x71c00000)
  eden space 209408K, 0% used [0x51c00000,0x51c00000,0x5e880000)
  from space 10240K, 99% used [0x5e880000,0x5f27e138,0x5f280000)
  to   space 12544K, 0% used [0x64c00000,0x64c00000,0x65840000)
 ParOldGen       total 34304K, used 11715K [0x11c00000, 0x13d80000, 0x51c00000)
  object space 34304K, 34% used [0x11c00000,0x12770d58,0x13d80000)
 Metaspace       used 22004K, capacity 23050K, committed 23168K, reserved 23936K
}

