# JRE version: OpenJDK Runtime Environment (8.0_382-b05) (build 1.8.0_382-382-b05)
# Java VM: OpenJDK Server VM (25.382-b05 mixed mode windows-x86 )
Heap:
 PSYoungGen      total 175360K, used 82962K [0x51a00000, 0x5cc80000, 0x71a00000)
  eden space 167936K, 49% used [0x51a00000,0x56b048c0,0x5be00000)
  from space 7424K, 0% used [0x5c540000,0x5c540000,0x5cc80000)
  to   space 7424K, 0% used [0x5be00000,0x5be00000,0x5c540000)
 ParOldGen       total 34048K, used 9124K [0x11a00000, 0x13b40000, 0x51a00000)
  object space 34048K, 26% used [0x11a00000,0x122e90c0,0x13b40000)
 Metaspace       used 18191K, capacity 18948K, committed 19072K, reserved 19840K
GC Heap History (10 events):
Event: 6.012 GC heap before
{Heap before GC invocations=9 (full 0):
 PSYoungGen      total 70400K, used 69139K [0x51a00000, 0x56280000, 0x71a00000)
  eden space 66560K, 100% used [0x51a00000,0x55b00000,0x55b00000)
  from space 3840K, 67% used [0x55ec0000,0x56144f88,0x56280000)
  to   space 3840K, 0% used [0x55b00000,0x55b00000,0x55ec0000)
 ParOldGen       total 43776K, used 3284K [0x11a00000, 0x144c0000, 0x51a00000)
  object space 43776K, 7% used [0x11a00000,0x11d350b8,0x144c0000)
 Metaspace       used 9137K, capacity 9422K, committed 9472K, reserved 9600K
Event: 6.024 GC heap after
Heap after GC invocations=9 (full 0):
 PSYoungGen      total 70400K, used 3835K [0x51a00000, 0x58c00000, 0x71a00000)
  eden space 66560K, 0% used [0x51a00000,0x51a00000,0x55b00000)
  from space 3840K, 99% used [0x55b00000,0x55ebec30,0x55ec0000)
  to   space 5120K, 0% used [0x58700000,0x58700000,0x58c00000)
 ParOldGen       total 43776K, used 5678K [0x11a00000, 0x144c0000, 0x51a00000)
  object space 43776K, 12% used [0x11a00000,0x11f8ba08,0x144c0000)
 Metaspace       used 9137K, capacity 9422K, committed 9472K, reserved 9600K
}
Event: 6.923 GC heap before
{Heap before GC invocations=10 (full 0):
 PSYoungGen      total 70400K, used 70395K [0x51a00000, 0x58c00000, 0x71a00000)
  eden space 66560K, 100% used [0x51a00000,0x55b00000,0x55b00000)
  from space 3840K, 99% used [0x55b00000,0x55ebec30,0x55ec0000)
  to   space 5120K, 0% used [0x58700000,0x58700000,0x58c00000)
 ParOldGen       total 43776K, used 5678K [0x11a00000, 0x144c0000, 0x51a00000)
  object space 43776K, 12% used [0x11a00000,0x11f8ba08,0x144c0000)
 Metaspace       used 11886K, capacity 12318K, committed 12416K, reserved 12672K
Event: 6.938 GC heap after
Heap after GC invocations=10 (full 0):
 PSYoungGen      total 110080K, used 5114K [0x51a00000, 0x58f00000, 0x71a00000)
  eden space 104960K, 0% used [0x51a00000,0x51a00000,0x58080000)
  from space 5120K, 99% used [0x58700000,0x58bfe998,0x58c00000)
  to   space 6656K, 0% used [0x58080000,0x58080000,0x58700000)
 ParOldGen       total 43776K, used 7742K [0x11a00000, 0x144c0000, 0x51a00000)
  object space 43776K, 17% used [0x11a00000,0x1218fb88,0x144c0000)
 Metaspace       used 11886K, capacity 12318K, committed 12416K, reserved 12672K
}
Event: 8.146 GC heap before
{Heap before GC invocations=11 (full 0):
 PSYoungGen      total 110080K, used 110074K [0x51a00000, 0x58f00000, 0x71a00000)
  eden space 104960K, 100% used [0x51a00000,0x58080000,0x58080000)
  from space 5120K, 99% used [0x58700000,0x58bfe998,0x58c00000)
  to   space 6656K, 0% used [0x58080000,0x58080000,0x58700000)
 ParOldGen       total 43776K, used 7742K [0x11a00000, 0x144c0000, 0x51a00000)
  object space 43776K, 17% used [0x11a00000,0x1218fb88,0x144c0000)
 Metaspace       used 15224K, capacity 15767K, committed 15872K, reserved 16768K
Event: 8.179 GC heap after
Heap after GC invocations=11 (full 0):
 PSYoungGen      total 111616K, used 6273K [0x51a00000, 0x5cc80000, 0x71a00000)
  eden space 104960K, 0% used [0x51a00000,0x51a00000,0x58080000)
  from space 6656K, 94% used [0x58080000,0x586a07e8,0x58700000)
  to   space 7424K, 0% used [0x5c540000,0x5c540000,0x5cc80000)
 ParOldGen       total 43776K, used 10273K [0x11a00000, 0x144c0000, 0x51a00000)
  object space 43776K, 23% used [0x11a00000,0x12408430,0x144c0000)
 Metaspace       used 15224K, capacity 15767K, committed 15872K, reserved 16768K
}
Event: 8.469 GC heap before
{Heap before GC invocations=12 (full 0):
 PSYoungGen      total 111616K, used 33368K [0x51a00000, 0x5cc80000, 0x71a00000)
  eden space 104960K, 25% used [0x51a00000,0x53475958,0x58080000)
  from space 6656K, 94% used [0x58080000,0x586a07e8,0x58700000)
  to   space 7424K, 0% used [0x5c540000,0x5c540000,0x5cc80000)
 ParOldGen       total 43776K, used 10273K [0x11a00000, 0x144c0000, 0x51a00000)
  object space 43776K, 23% used [0x11a00000,0x12408430,0x144c0000)
 Metaspace       used 15793K, capacity 16348K, committed 16384K, reserved 16768K
Event: 8.474 GC heap after
Heap after GC invocations=12 (full 0):
 PSYoungGen      total 175360K, used 1512K [0x51a00000, 0x5cc80000, 0x71a00000)
  eden space 167936K, 0% used [0x51a00000,0x51a00000,0x5be00000)
  from space 7424K, 20% used [0x5c540000,0x5c6ba3a0,0x5cc80000)
  to   space 7424K, 0% used [0x5be00000,0x5be00000,0x5c540000)
 ParOldGen       total 43776K, used 11878K [0x11a00000, 0x144c0000, 0x51a00000)
  object space 43776K, 27% used [0x11a00000,0x125999d8,0x144c0000)
 Metaspace       used 15793K, capacity 16348K, committed 16384K, reserved 16768K
}
Event: 8.474 GC heap before
{Heap before GC invocations=13 (full 1):
 PSYoungGen      total 175360K, used 1512K [0x51a00000, 0x5cc80000, 0x71a00000)
  eden space 167936K, 0% used [0x51a00000,0x51a00000,0x5be00000)
  from space 7424K, 20% used [0x5c540000,0x5c6ba3a0,0x5cc80000)
  to   space 7424K, 0% used [0x5be00000,0x5be00000,0x5c540000)
 ParOldGen       total 43776K, used 11878K [0x11a00000, 0x144c0000, 0x51a00000)
  object space 43776K, 27% used [0x11a00000,0x125999d8,0x144c0000)
 Metaspace       used 15793K, capacity 16348K, committed 16384K, reserved 16768K
Event: 8.540 GC heap after
Heap after GC invocations=13 (full 1):
 PSYoungGen      total 175360K, used 0K [0x51a00000, 0x5cc80000, 0x71a00000)
  eden space 167936K, 0% used [0x51a00000,0x51a00000,0x5be00000)
  from space 7424K, 0% used [0x5c540000,0x5c540000,0x5cc80000)
  to   space 7424K, 0% used [0x5be00000,0x5be00000,0x5c540000)
 ParOldGen       total 34048K, used 9124K [0x11a00000, 0x13b40000, 0x51a00000)
  object space 34048K, 26% used [0x11a00000,0x122e90c0,0x13b40000)
 Metaspace       used 15793K, capacity 16348K, committed 16384K, reserved 16768K
}

