# JRE version: OpenJDK Runtime Environment (8.0_382-b05) (build 1.8.0_382-382-b05)
# Java VM: OpenJDK Server VM (25.382-b05 mixed mode windows-x86 )
Heap:
 PSYoungGen      total 246272K, used 52136K [0x51c00000, 0x65e80000, 0x71c00000)
  eden space 235776K, 17% used [0x51c00000,0x544acc80,0x60240000)
  from space 10496K, 99% used [0x60240000,0x60c7d568,0x60c80000)
  to   space 13312K, 0% used [0x65180000,0x65180000,0x65e80000)
 ParOldGen       total 57088K, used 23144K [0x11c00000, 0x153c0000, 0x51c00000)
  object space 57088K, 40% used [0x11c00000,0x1329a040,0x153c0000)
 Metaspace       used 32266K, capacity 33913K, committed 33920K, reserved 34176K
GC Heap History (10 events):
Event: 8.152 GC heap before
{Heap before GC invocations=13 (full 1):
 PSYoungGen      total 175360K, used 1476K [0x51c00000, 0x5ce80000, 0x71c00000)
  eden space 167936K, 0% used [0x51c00000,0x51c00000,0x5c000000)
  from space 7424K, 19% used [0x5c740000,0x5c8b1330,0x5ce80000)
  to   space 7424K, 0% used [0x5c000000,0x5c000000,0x5c740000)
 ParOldGen       total 43776K, used 12102K [0x11c00000, 0x146c0000, 0x51c00000)
  object space 43776K, 27% used [0x11c00000,0x127d1a00,0x146c0000)
 Metaspace       used 15790K, capacity 16349K, committed 16384K, reserved 16768K
Event: 8.208 GC heap after
Heap after GC invocations=13 (full 1):
 PSYoungGen      total 175360K, used 0K [0x51c00000, 0x5ce80000, 0x71c00000)
  eden space 167936K, 0% used [0x51c00000,0x51c00000,0x5c000000)
  from space 7424K, 0% used [0x5c740000,0x5c740000,0x5ce80000)
  to   space 7424K, 0% used [0x5c000000,0x5c000000,0x5c740000)
 ParOldGen       total 34048K, used 9152K [0x11c00000, 0x13d40000, 0x51c00000)
  object space 34048K, 26% used [0x11c00000,0x124f01e8,0x13d40000)
 Metaspace       used 15790K, capacity 16349K, committed 16384K, reserved 16768K
}
Event: 10.309 GC heap before
{Heap before GC invocations=14 (full 1):
 PSYoungGen      total 175360K, used 167936K [0x51c00000, 0x5ce80000, 0x71c00000)
  eden space 167936K, 100% used [0x51c00000,0x5c000000,0x5c000000)
  from space 7424K, 0% used [0x5c740000,0x5c740000,0x5ce80000)
  to   space 7424K, 0% used [0x5c000000,0x5c000000,0x5c740000)
 ParOldGen       total 34048K, used 9163K [0x11c00000, 0x13d40000, 0x51c00000)
  object space 34048K, 26% used [0x11c00000,0x124f2dd8,0x13d40000)
 Metaspace       used 20907K, capacity 21887K, committed 21888K, reserved 21888K
Event: 10.334 GC heap after
Heap after GC invocations=14 (full 1):
 PSYoungGen      total 175360K, used 7416K [0x51c00000, 0x61740000, 0x71c00000)
  eden space 167936K, 0% used [0x51c00000,0x51c00000,0x5c000000)
  from space 7424K, 99% used [0x5c000000,0x5c73e2f8,0x5c740000)
  to   space 9728K, 0% used [0x60dc0000,0x60dc0000,0x61740000)
 ParOldGen       total 34048K, used 12135K [0x11c00000, 0x13d40000, 0x51c00000)
  object space 34048K, 35% used [0x11c00000,0x127d9fe0,0x13d40000)
 Metaspace       used 20907K, capacity 21887K, committed 21888K, reserved 21888K
}
Event: 12.328 GC heap before
{Heap before GC invocations=15 (full 1):
 PSYoungGen      total 175360K, used 116594K [0x51c00000, 0x61740000, 0x71c00000)
  eden space 167936K, 65% used [0x51c00000,0x5869e778,0x5c000000)
  from space 7424K, 99% used [0x5c000000,0x5c73e2f8,0x5c740000)
  to   space 9728K, 0% used [0x60dc0000,0x60dc0000,0x61740000)
 ParOldGen       total 34048K, used 12135K [0x11c00000, 0x13d40000, 0x51c00000)
  object space 34048K, 35% used [0x11c00000,0x127d9fe0,0x13d40000)
 Metaspace       used 26064K, capacity 27291K, committed 27308K, reserved 28032K
Event: 12.348 GC heap after
Heap after GC invocations=15 (full 1):
 PSYoungGen      total 244992K, used 7910K [0x51c00000, 0x616c0000, 0x71c00000)
  eden space 235776K, 0% used [0x51c00000,0x51c00000,0x60240000)
  from space 9216K, 85% used [0x60dc0000,0x61579b18,0x616c0000)
  to   space 10496K, 0% used [0x60240000,0x60240000,0x60c80000)
 ParOldGen       total 34048K, used 16557K [0x11c00000, 0x13d40000, 0x51c00000)
  object space 34048K, 48% used [0x11c00000,0x12c2b5d0,0x13d40000)
 Metaspace       used 26064K, capacity 27291K, committed 27308K, reserved 28032K
}
Event: 12.348 GC heap before
{Heap before GC invocations=16 (full 2):
 PSYoungGen      total 244992K, used 7910K [0x51c00000, 0x616c0000, 0x71c00000)
  eden space 235776K, 0% used [0x51c00000,0x51c00000,0x60240000)
  from space 9216K, 85% used [0x60dc0000,0x61579b18,0x616c0000)
  to   space 10496K, 0% used [0x60240000,0x60240000,0x60c80000)
 ParOldGen       total 34048K, used 16557K [0x11c00000, 0x13d40000, 0x51c00000)
  object space 34048K, 48% used [0x11c00000,0x12c2b5d0,0x13d40000)
 Metaspace       used 26064K, capacity 27291K, committed 27308K, reserved 28032K
Event: 12.431 GC heap after
Heap after GC invocations=16 (full 2):
 PSYoungGen      total 244992K, used 0K [0x51c00000, 0x616c0000, 0x71c00000)
  eden space 235776K, 0% used [0x51c00000,0x51c00000,0x60240000)
  from space 9216K, 0% used [0x60dc0000,0x60dc0000,0x616c0000)
  to   space 10496K, 0% used [0x60240000,0x60240000,0x60c80000)
 ParOldGen       total 57088K, used 20027K [0x11c00000, 0x153c0000, 0x51c00000)
  object space 57088K, 35% used [0x11c00000,0x12f8eca8,0x153c0000)
 Metaspace       used 26060K, capacity 27281K, committed 27308K, reserved 28032K
}
Event: 17.185 GC heap before
{Heap before GC invocations=17 (full 2):
 PSYoungGen      total 244992K, used 235776K [0x51c00000, 0x616c0000, 0x71c00000)
  eden space 235776K, 100% used [0x51c00000,0x60240000,0x60240000)
  from space 9216K, 0% used [0x60dc0000,0x60dc0000,0x616c0000)
  to   space 10496K, 0% used [0x60240000,0x60240000,0x60c80000)
 ParOldGen       total 57088K, used 20027K [0x11c00000, 0x153c0000, 0x51c00000)
  object space 57088K, 35% used [0x11c00000,0x12f8eca8,0x153c0000)
 Metaspace       used 30566K, capacity 32065K, committed 32128K, reserved 32128K
Event: 17.220 GC heap after
Heap after GC invocations=17 (full 2):
 PSYoungGen      total 246272K, used 10485K [0x51c00000, 0x65e80000, 0x71c00000)
  eden space 235776K, 0% used [0x51c00000,0x51c00000,0x60240000)
  from space 10496K, 99% used [0x60240000,0x60c7d568,0x60c80000)
  to   space 13312K, 0% used [0x65180000,0x65180000,0x65e80000)
 ParOldGen       total 57088K, used 23144K [0x11c00000, 0x153c0000, 0x51c00000)
  object space 57088K, 40% used [0x11c00000,0x1329a040,0x153c0000)
 Metaspace       used 30566K, capacity 32065K, committed 32128K, reserved 32128K
}

