# JRE version: OpenJDK Runtime Environment (8.0_382-b05) (build 1.8.0_382-382-b05)
# Java VM: OpenJDK Server VM (25.382-b05 mixed mode windows-x86 )
Heap:
 PSYoungGen      total 245248K, used 10712K [0x52200000, 0x65880000, 0x72200000)
  eden space 244992K, 4% used [0x52200000,0x52c763d0,0x61140000)
  from space 256K, 0% used [0x65840000,0x65840000,0x65880000)
  to   space 10496K, 0% used [0x64400000,0x64400000,0x64e40000)
 ParOldGen       total 99584K, used 14428K [0x12200000, 0x18340000, 0x52200000)
  object space 99584K, 14% used [0x12200000,0x13017018,0x18340000)
 Metaspace       used 26797K, capacity 28014K, committed 28160K, reserved 29056K
GC Heap History (10 events):
Event: 10.512 GC heap before
{Heap before GC invocations=16 (full 2):
 PSYoungGen      total 244224K, used 7963K [0x52200000, 0x61b80000, 0x72200000)
  eden space 234496K, 0% used [0x52200000,0x52200000,0x60700000)
  from space 9728K, 81% used [0x61180000,0x61946d38,0x61b00000)
  to   space 10496K, 0% used [0x60700000,0x60700000,0x61140000)
 ParOldGen       total 34048K, used 16530K [0x12200000, 0x14340000, 0x52200000)
  object space 34048K, 48% used [0x12200000,0x132248c8,0x14340000)
 Metaspace       used 26081K, capacity 27286K, committed 27308K, reserved 28032K
Event: 10.583 GC heap after
Heap after GC invocations=16 (full 2):
 PSYoungGen      total 244224K, used 0K [0x52200000, 0x61b80000, 0x72200000)
  eden space 234496K, 0% used [0x52200000,0x52200000,0x60700000)
  from space 9728K, 0% used [0x61180000,0x61180000,0x61b00000)
  to   space 10496K, 0% used [0x60700000,0x60700000,0x61140000)
 ParOldGen       total 57344K, used 20073K [0x12200000, 0x15a00000, 0x52200000)
  object space 57344K, 35% used [0x12200000,0x1359a680,0x15a00000)
 Metaspace       used 26079K, capacity 27281K, committed 27308K, reserved 28032K
}
Event: 10.725 GC heap before
{Heap before GC invocations=17 (full 2):
 PSYoungGen      total 244224K, used 15621K [0x52200000, 0x61b80000, 0x72200000)
  eden space 234496K, 6% used [0x52200000,0x531415c0,0x60700000)
  from space 9728K, 0% used [0x61180000,0x61180000,0x61b00000)
  to   space 10496K, 0% used [0x60700000,0x60700000,0x61140000)
 ParOldGen       total 57344K, used 20073K [0x12200000, 0x15a00000, 0x52200000)
  object space 57344K, 35% used [0x12200000,0x1359a680,0x15a00000)
 Metaspace       used 26757K, capacity 27991K, committed 28032K, reserved 28032K
Event: 10.729 GC heap after
Heap after GC invocations=17 (full 2):
 PSYoungGen      total 244992K, used 1811K [0x52200000, 0x66280000, 0x72200000)
  eden space 234496K, 0% used [0x52200000,0x52200000,0x60700000)
  from space 10496K, 17% used [0x60700000,0x608c4f00,0x61140000)
  to   space 10496K, 0% used [0x65840000,0x65840000,0x66280000)
 ParOldGen       total 57344K, used 20073K [0x12200000, 0x15a00000, 0x52200000)
  object space 57344K, 35% used [0x12200000,0x1359a680,0x15a00000)
 Metaspace       used 26757K, capacity 27991K, committed 28032K, reserved 28032K
}
Event: 10.729 GC heap before
{Heap before GC invocations=18 (full 3):
 PSYoungGen      total 244992K, used 1811K [0x52200000, 0x66280000, 0x72200000)
  eden space 234496K, 0% used [0x52200000,0x52200000,0x60700000)
  from space 10496K, 17% used [0x60700000,0x608c4f00,0x61140000)
  to   space 10496K, 0% used [0x65840000,0x65840000,0x66280000)
 ParOldGen       total 57344K, used 20073K [0x12200000, 0x15a00000, 0x52200000)
  object space 57344K, 35% used [0x12200000,0x1359a680,0x15a00000)
 Metaspace       used 26757K, capacity 27991K, committed 28032K, reserved 28032K
Event: 10.893 GC heap after
Heap after GC invocations=18 (full 3):
 PSYoungGen      total 244992K, used 0K [0x52200000, 0x66280000, 0x72200000)
  eden space 234496K, 0% used [0x52200000,0x52200000,0x60700000)
  from space 10496K, 0% used [0x60700000,0x60700000,0x61140000)
  to   space 10496K, 0% used [0x65840000,0x65840000,0x66280000)
 ParOldGen       total 72960K, used 17340K [0x12200000, 0x16940000, 0x52200000)
  object space 72960K, 23% used [0x12200000,0x132ef158,0x16940000)
 Metaspace       used 26757K, capacity 27991K, committed 28032K, reserved 28032K
}
Event: 10.893 GC heap before
{Heap before GC invocations=19 (full 3):
 PSYoungGen      total 244992K, used 0K [0x52200000, 0x66280000, 0x72200000)
  eden space 234496K, 0% used [0x52200000,0x52200000,0x60700000)
  from space 10496K, 0% used [0x60700000,0x60700000,0x61140000)
  to   space 10496K, 0% used [0x65840000,0x65840000,0x66280000)
 ParOldGen       total 72960K, used 17340K [0x12200000, 0x16940000, 0x52200000)
  object space 72960K, 23% used [0x12200000,0x132ef158,0x16940000)
 Metaspace       used 26757K, capacity 27991K, committed 28032K, reserved 28032K
Event: 10.896 GC heap after
Heap after GC invocations=19 (full 3):
 PSYoungGen      total 245248K, used 0K [0x52200000, 0x65880000, 0x72200000)
  eden space 244992K, 0% used [0x52200000,0x52200000,0x61140000)
  from space 256K, 0% used [0x65840000,0x65840000,0x65880000)
  to   space 10496K, 0% used [0x64400000,0x64400000,0x64e40000)
 ParOldGen       total 72960K, used 17340K [0x12200000, 0x16940000, 0x52200000)
  object space 72960K, 23% used [0x12200000,0x132ef158,0x16940000)
 Metaspace       used 26757K, capacity 27991K, committed 28032K, reserved 28032K
}
Event: 10.896 GC heap before
{Heap before GC invocations=20 (full 4):
 PSYoungGen      total 245248K, used 0K [0x52200000, 0x65880000, 0x72200000)
  eden space 244992K, 0% used [0x52200000,0x52200000,0x61140000)
  from space 256K, 0% used [0x65840000,0x65840000,0x65880000)
  to   space 10496K, 0% used [0x64400000,0x64400000,0x64e40000)
 ParOldGen       total 72960K, used 17340K [0x12200000, 0x16940000, 0x52200000)
  object space 72960K, 23% used [0x12200000,0x132ef158,0x16940000)
 Metaspace       used 26757K, capacity 27991K, committed 28032K, reserved 28032K
Event: 11.012 GC heap after
Heap after GC invocations=20 (full 4):
 PSYoungGen      total 245248K, used 0K [0x52200000, 0x65880000, 0x72200000)
  eden space 244992K, 0% used [0x52200000,0x52200000,0x61140000)
  from space 256K, 0% used [0x65840000,0x65840000,0x65880000)
  to   space 10496K, 0% used [0x64400000,0x64400000,0x64e40000)
 ParOldGen       total 99584K, used 14428K [0x12200000, 0x18340000, 0x52200000)
  object space 99584K, 14% used [0x12200000,0x13017018,0x18340000)
 Metaspace       used 26600K, capacity 27726K, committed 28032K, reserved 28032K
}

