# JRE version: OpenJDK Runtime Environment (8.0_382-b05) (build 1.8.0_382-382-b05)
# Java VM: OpenJDK Server VM (25.382-b05 mixed mode windows-x86 )
Heap:
 PSYoungGen      total 316416K, used 16K [0x51a00000, 0x6c740000, 0x71a00000)
  eden space 303872K, 0% used [0x51a00000,0x51a00000,0x642c0000)
  from space 12544K, 0% used [0x642c0000,0x642c4000,0x64f00000)
  to   space 12544K, 0% used [0x6bb00000,0x6bb00000,0x6c740000)
 ParOldGen       total 47360K, used 13697K [0x11a00000, 0x14840000, 0x51a00000)
  object space 47360K, 28% used [0x11a00000,0x12760640,0x14840000)
 Metaspace       used 22785K, capacity 23918K, committed 23936K, reserved 23936K
GC Heap History (10 events):
Event: 11.333 GC heap after
Heap after GC invocations=11 (full 1):
 PSYoungGen      total 219136K, used 0K [0x51a00000, 0x5fa80000, 0x71a00000)
  eden space 209408K, 0% used [0x51a00000,0x51a00000,0x5e680000)
  from space 9728K, 0% used [0x5f100000,0x5f100000,0x5fa80000)
  to   space 10240K, 0% used [0x5e680000,0x5e680000,0x5f080000)
 ParOldGen       total 33792K, used 9564K [0x11a00000, 0x13b00000, 0x51a00000)
  object space 33792K, 28% used [0x11a00000,0x12357008,0x13b00000)
 Metaspace       used 15787K, capacity 16349K, committed 16384K, reserved 16768K
}
Event: 14.395 GC heap before
{Heap before GC invocations=12 (full 1):
 PSYoungGen      total 219136K, used 209408K [0x51a00000, 0x5fa80000, 0x71a00000)
  eden space 209408K, 100% used [0x51a00000,0x5e680000,0x5e680000)
  from space 9728K, 0% used [0x5f100000,0x5f100000,0x5fa80000)
  to   space 10240K, 0% used [0x5e680000,0x5e680000,0x5f080000)
 ParOldGen       total 33792K, used 9564K [0x11a00000, 0x13b00000, 0x51a00000)
  object space 33792K, 28% used [0x11a00000,0x12357008,0x13b00000)
 Metaspace       used 21961K, capacity 22979K, committed 23040K, reserved 23936K
Event: 14.417 GC heap after
Heap after GC invocations=12 (full 1):
 PSYoungGen      total 219648K, used 10224K [0x51a00000, 0x65b40000, 0x71a00000)
  eden space 209408K, 0% used [0x51a00000,0x51a00000,0x5e680000)
  from space 10240K, 99% used [0x5e680000,0x5f07c248,0x5f080000)
  to   space 12544K, 0% used [0x64f00000,0x64f00000,0x65b40000)
 ParOldGen       total 33792K, used 11629K [0x11a00000, 0x13b00000, 0x51a00000)
  object space 33792K, 34% used [0x11a00000,0x1255b7b0,0x13b00000)
 Metaspace       used 21961K, capacity 22979K, committed 23040K, reserved 23936K
}
Event: 14.788 GC heap before
{Heap before GC invocations=13 (full 1):
 PSYoungGen      total 219648K, used 33198K [0x51a00000, 0x65b40000, 0x71a00000)
  eden space 209408K, 10% used [0x51a00000,0x5306f5c8,0x5e680000)
  from space 10240K, 99% used [0x5e680000,0x5f07c248,0x5f080000)
  to   space 12544K, 0% used [0x64f00000,0x64f00000,0x65b40000)
 ParOldGen       total 33792K, used 11629K [0x11a00000, 0x13b00000, 0x51a00000)
  object space 33792K, 34% used [0x11a00000,0x1255b7b0,0x13b00000)
 Metaspace       used 22785K, capacity 23918K, committed 23936K, reserved 23936K
Event: 14.801 GC heap after
Heap after GC invocations=13 (full 1):
 PSYoungGen      total 316416K, used 1183K [0x51a00000, 0x66140000, 0x71a00000)
  eden space 303872K, 0% used [0x51a00000,0x51a00000,0x642c0000)
  from space 12544K, 9% used [0x64f00000,0x65027c78,0x65b40000)
  to   space 12544K, 0% used [0x642c0000,0x642c0000,0x64f00000)
 ParOldGen       total 33792K, used 16598K [0x11a00000, 0x13b00000, 0x51a00000)
  object space 33792K, 49% used [0x11a00000,0x12a35860,0x13b00000)
 Metaspace       used 22785K, capacity 23918K, committed 23936K, reserved 23936K
}
Event: 14.801 GC heap before
{Heap before GC invocations=14 (full 2):
 PSYoungGen      total 316416K, used 1183K [0x51a00000, 0x66140000, 0x71a00000)
  eden space 303872K, 0% used [0x51a00000,0x51a00000,0x642c0000)
  from space 12544K, 9% used [0x64f00000,0x65027c78,0x65b40000)
  to   space 12544K, 0% used [0x642c0000,0x642c0000,0x64f00000)
 ParOldGen       total 33792K, used 16598K [0x11a00000, 0x13b00000, 0x51a00000)
  object space 33792K, 49% used [0x11a00000,0x12a35860,0x13b00000)
 Metaspace       used 22785K, capacity 23918K, committed 23936K, reserved 23936K
Event: 14.875 GC heap after
Heap after GC invocations=14 (full 2):
 PSYoungGen      total 316416K, used 0K [0x51a00000, 0x66140000, 0x71a00000)
  eden space 303872K, 0% used [0x51a00000,0x51a00000,0x642c0000)
  from space 12544K, 0% used [0x64f00000,0x64f00000,0x65b40000)
  to   space 12544K, 0% used [0x642c0000,0x642c0000,0x64f00000)
 ParOldGen       total 47360K, used 13697K [0x11a00000, 0x14840000, 0x51a00000)
  object space 47360K, 28% used [0x11a00000,0x12760640,0x14840000)
 Metaspace       used 22785K, capacity 23918K, committed 23936K, reserved 23936K
}
Event: 14.875 GC heap before
{Heap before GC invocations=15 (full 2):
 PSYoungGen      total 316416K, used 7065K [0x51a00000, 0x66140000, 0x71a00000)
  eden space 303872K, 2% used [0x51a00000,0x520e6420,0x642c0000)
  from space 12544K, 0% used [0x64f00000,0x64f00000,0x65b40000)
  to   space 12544K, 0% used [0x642c0000,0x642c0000,0x64f00000)
 ParOldGen       total 47360K, used 13697K [0x11a00000, 0x14840000, 0x51a00000)
  object space 47360K, 28% used [0x11a00000,0x12760640,0x14840000)
 Metaspace       used 22785K, capacity 23918K, committed 23936K, reserved 23936K
Event: 14.877 GC heap after
Heap after GC invocations=15 (full 2):
 PSYoungGen      total 316416K, used 16K [0x51a00000, 0x6c740000, 0x71a00000)
  eden space 303872K, 0% used [0x51a00000,0x51a00000,0x642c0000)
  from space 12544K, 0% used [0x642c0000,0x642c4000,0x64f00000)
  to   space 12544K, 0% used [0x6bb00000,0x6bb00000,0x6c740000)
 ParOldGen       total 47360K, used 13697K [0x11a00000, 0x14840000, 0x51a00000)
  object space 47360K, 28% used [0x11a00000,0x12760640,0x14840000)
 Metaspace       used 22785K, capacity 23918K, committed 23936K, reserved 23936K
}
Event: 14.877 GC heap before
{Heap before GC invocations=16 (full 3):
 PSYoungGen      total 316416K, used 16K [0x51a00000, 0x6c740000, 0x71a00000)
  eden space 303872K, 0% used [0x51a00000,0x51a00000,0x642c0000)
  from space 12544K, 0% used [0x642c0000,0x642c4000,0x64f00000)
  to   space 12544K, 0% used [0x6bb00000,0x6bb00000,0x6c740000)
 ParOldGen       total 47360K, used 13697K [0x11a00000, 0x14840000, 0x51a00000)
  object space 47360K, 28% used [0x11a00000,0x12760640,0x14840000)
 Metaspace       used 22785K, capacity 23918K, committed 23936K, reserved 23936K

