# JRE version: OpenJDK Runtime Environment (8.0_382-b05) (build 1.8.0_382-382-b05)
# Java VM: OpenJDK Server VM (25.382-b05 mixed mode windows-x86 )
Heap:
 PSYoungGen      total 169472K, used 64732K [0x51e00000, 0x606c0000, 0x71e00000)
  eden space 162048K, 35% used [0x51e00000,0x555f7cd8,0x5bc40000)
  from space 7424K, 99% used [0x5bc40000,0x5c37f690,0x5c380000)
  to   space 9984K, 0% used [0x5fd00000,0x5fd00000,0x606c0000)
 ParOldGen       total 31488K, used 12137K [0x11e00000, 0x13cc0000, 0x51e00000)
  object space 31488K, 38% used [0x11e00000,0x129da708,0x13cc0000)
 Metaspace       used 25931K, capacity 27223K, committed 27264K, reserved 28032K
GC Heap History (10 events):
Event: 7.249 GC heap before
{Heap before GC invocations=12 (full 0):
 PSYoungGen      total 70400K, used 67486K [0x51e00000, 0x58e80000, 0x71e00000)
  eden space 64000K, 100% used [0x51e00000,0x55c80000,0x55c80000)
  from space 6400K, 54% used [0x55c80000,0x55fe7b10,0x562c0000)
  to   space 6400K, 0% used [0x58840000,0x58840000,0x58e80000)
 ParOldGen       total 43776K, used 11364K [0x11e00000, 0x148c0000, 0x51e00000)
  object space 43776K, 25% used [0x11e00000,0x129190f8,0x148c0000)
 Metaspace       used 15660K, capacity 16247K, committed 16256K, reserved 16768K
Event: 7.260 GC heap after
Heap after GC invocations=12 (full 0):
 PSYoungGen      total 108800K, used 4210K [0x51e00000, 0x58e80000, 0x71e00000)
  eden space 102400K, 0% used [0x51e00000,0x51e00000,0x58200000)
  from space 6400K, 65% used [0x58840000,0x58c5ca48,0x58e80000)
  to   space 6400K, 0% used [0x58200000,0x58200000,0x58840000)
 ParOldGen       total 43776K, used 12192K [0x11e00000, 0x148c0000, 0x51e00000)
  object space 43776K, 27% used [0x11e00000,0x129e80a0,0x148c0000)
 Metaspace       used 15660K, capacity 16247K, committed 16256K, reserved 16768K
}
Event: 7.306 GC heap before
{Heap before GC invocations=13 (full 0):
 PSYoungGen      total 108800K, used 10979K [0x51e00000, 0x58e80000, 0x71e00000)
  eden space 102400K, 6% used [0x51e00000,0x5249c410,0x58200000)
  from space 6400K, 65% used [0x58840000,0x58c5ca48,0x58e80000)
  to   space 6400K, 0% used [0x58200000,0x58200000,0x58840000)
 ParOldGen       total 43776K, used 12192K [0x11e00000, 0x148c0000, 0x51e00000)
  object space 43776K, 27% used [0x11e00000,0x129e80a0,0x148c0000)
 Metaspace       used 15810K, capacity 16382K, committed 16384K, reserved 16768K
Event: 7.309 GC heap after
Heap after GC invocations=13 (full 0):
 PSYoungGen      total 108800K, used 363K [0x51e00000, 0x5cb00000, 0x71e00000)
  eden space 102400K, 0% used [0x51e00000,0x51e00000,0x58200000)
  from space 6400K, 5% used [0x58200000,0x5825ad60,0x58840000)
  to   space 6656K, 0% used [0x5c480000,0x5c480000,0x5cb00000)
 ParOldGen       total 43776K, used 13432K [0x11e00000, 0x148c0000, 0x51e00000)
  object space 43776K, 30% used [0x11e00000,0x12b1e2c8,0x148c0000)
 Metaspace       used 15810K, capacity 16382K, committed 16384K, reserved 16768K
}
Event: 7.309 GC heap before
{Heap before GC invocations=14 (full 1):
 PSYoungGen      total 108800K, used 363K [0x51e00000, 0x5cb00000, 0x71e00000)
  eden space 102400K, 0% used [0x51e00000,0x51e00000,0x58200000)
  from space 6400K, 5% used [0x58200000,0x5825ad60,0x58840000)
  to   space 6656K, 0% used [0x5c480000,0x5c480000,0x5cb00000)
 ParOldGen       total 43776K, used 13432K [0x11e00000, 0x148c0000, 0x51e00000)
  object space 43776K, 30% used [0x11e00000,0x12b1e2c8,0x148c0000)
 Metaspace       used 15810K, capacity 16382K, committed 16384K, reserved 16768K
Event: 7.355 GC heap after
Heap after GC invocations=14 (full 1):
 PSYoungGen      total 108800K, used 0K [0x51e00000, 0x5cb00000, 0x71e00000)
  eden space 102400K, 0% used [0x51e00000,0x51e00000,0x58200000)
  from space 6400K, 0% used [0x58200000,0x58200000,0x58840000)
  to   space 6656K, 0% used [0x5c480000,0x5c480000,0x5cb00000)
 ParOldGen       total 31488K, used 8379K [0x11e00000, 0x13cc0000, 0x51e00000)
  object space 31488K, 26% used [0x11e00000,0x1262ef08,0x13cc0000)
 Metaspace       used 15810K, capacity 16382K, committed 16384K, reserved 16768K
}
Event: 8.343 GC heap before
{Heap before GC invocations=15 (full 1):
 PSYoungGen      total 108800K, used 102400K [0x51e00000, 0x5cb00000, 0x71e00000)
  eden space 102400K, 100% used [0x51e00000,0x58200000,0x58200000)
  from space 6400K, 0% used [0x58200000,0x58200000,0x58840000)
  to   space 6656K, 0% used [0x5c480000,0x5c480000,0x5cb00000)
 ParOldGen       total 31488K, used 8379K [0x11e00000, 0x13cc0000, 0x51e00000)
  object space 31488K, 26% used [0x11e00000,0x1262ef08,0x13cc0000)
 Metaspace       used 18722K, capacity 19507K, committed 19584K, reserved 19840K
Event: 8.352 GC heap after
Heap after GC invocations=15 (full 1):
 PSYoungGen      total 156672K, used 6179K [0x51e00000, 0x5cac0000, 0x71e00000)
  eden space 150272K, 0% used [0x51e00000,0x51e00000,0x5b0c0000)
  from space 6400K, 96% used [0x5c480000,0x5ca88d30,0x5cac0000)
  to   space 7424K, 0% used [0x5bc40000,0x5bc40000,0x5c380000)
 ParOldGen       total 31488K, used 8383K [0x11e00000, 0x13cc0000, 0x51e00000)
  object space 31488K, 26% used [0x11e00000,0x1262ff08,0x13cc0000)
 Metaspace       used 18722K, capacity 19507K, committed 19584K, reserved 19840K
}
Event: 10.678 GC heap before
{Heap before GC invocations=16 (full 1):
 PSYoungGen      total 156672K, used 156451K [0x51e00000, 0x5cac0000, 0x71e00000)
  eden space 150272K, 100% used [0x51e00000,0x5b0c0000,0x5b0c0000)
  from space 6400K, 96% used [0x5c480000,0x5ca88d30,0x5cac0000)
  to   space 7424K, 0% used [0x5bc40000,0x5bc40000,0x5c380000)
 ParOldGen       total 31488K, used 8383K [0x11e00000, 0x13cc0000, 0x51e00000)
  object space 31488K, 26% used [0x11e00000,0x1262ff08,0x13cc0000)
 Metaspace       used 24358K, capacity 25455K, committed 25472K, reserved 25984K
Event: 10.703 GC heap after
Heap after GC invocations=16 (full 1):
 PSYoungGen      total 169472K, used 7421K [0x51e00000, 0x606c0000, 0x71e00000)
  eden space 162048K, 0% used [0x51e00000,0x51e00000,0x5bc40000)
  from space 7424K, 99% used [0x5bc40000,0x5c37f690,0x5c380000)
  to   space 9984K, 0% used [0x5fd00000,0x5fd00000,0x606c0000)
 ParOldGen       total 31488K, used 12137K [0x11e00000, 0x13cc0000, 0x51e00000)
  object space 31488K, 38% used [0x11e00000,0x129da708,0x13cc0000)
 Metaspace       used 24358K, capacity 25455K, committed 25472K, reserved 25984K
}

