# JRE version: OpenJDK Runtime Environment (8.0_382-b05) (build 1.8.0_382-382-b05)
# Java VM: OpenJDK Server VM (25.382-b05 mixed mode windows-x86 )
Heap:
 PSYoungGen      total 219648K, used 23757K [0x51800000, 0x65a80000, 0x71800000)
  eden space 209408K, 6% used [0x51800000,0x525365a8,0x5e480000)
  from space 10240K, 99% used [0x5e480000,0x5ee7cfd0,0x5ee80000)
  to   space 12288K, 0% used [0x64e80000,0x64e80000,0x65a80000)
 ParOldGen       total 33280K, used 10889K [0x11800000, 0x13880000, 0x51800000)
  object space 33280K, 32% used [0x11800000,0x122a2408,0x13880000)
 Metaspace       used 22964K, capacity 24075K, committed 24192K, reserved 24960K
GC Heap History (10 events):
Event: 9.652 GC heap before
{Heap before GC invocations=8 (full 0):
 PSYoungGen      total 70912K, used 70910K [0x51800000, 0x5a600000, 0x71800000)
  eden space 66304K, 100% used [0x51800000,0x558c0000,0x558c0000)
  from space 4608K, 99% used [0x558c0000,0x55d3f9b0,0x55d40000)
  to   space 6400K, 0% used [0x59fc0000,0x59fc0000,0x5a600000)
 ParOldGen       total 43776K, used 3710K [0x11800000, 0x142c0000, 0x51800000)
  object space 43776K, 8% used [0x11800000,0x11b9fb50,0x142c0000)
 Metaspace       used 10857K, capacity 11261K, committed 11264K, reserved 11648K
Event: 9.708 GC heap after
Heap after GC invocations=8 (full 0):
 PSYoungGen      total 137216K, used 6389K [0x51800000, 0x5a980000, 0x71800000)
  eden space 130816K, 0% used [0x51800000,0x51800000,0x597c0000)
  from space 6400K, 99% used [0x59fc0000,0x5a5fd448,0x5a600000)
  to   space 8192K, 0% used [0x597c0000,0x597c0000,0x59fc0000)
 ParOldGen       total 43776K, used 5379K [0x11800000, 0x142c0000, 0x51800000)
  object space 43776K, 12% used [0x11800000,0x11d40c78,0x142c0000)
 Metaspace       used 10857K, capacity 11261K, committed 11264K, reserved 11648K
}
Event: 11.509 GC heap before
{Heap before GC invocations=9 (full 0):
 PSYoungGen      total 137216K, used 137205K [0x51800000, 0x5a980000, 0x71800000)
  eden space 130816K, 100% used [0x51800000,0x597c0000,0x597c0000)
  from space 6400K, 99% used [0x59fc0000,0x5a5fd448,0x5a600000)
  to   space 8192K, 0% used [0x597c0000,0x597c0000,0x59fc0000)
 ParOldGen       total 43776K, used 5379K [0x11800000, 0x142c0000, 0x51800000)
  object space 43776K, 12% used [0x11800000,0x11d40c78,0x142c0000)
 Metaspace       used 14824K, capacity 15378K, committed 15488K, reserved 15744K
Event: 11.530 GC heap after
Heap after GC invocations=9 (full 0):
 PSYoungGen      total 139008K, used 8185K [0x51800000, 0x5f980000, 0x71800000)
  eden space 130816K, 0% used [0x51800000,0x51800000,0x597c0000)
  from space 8192K, 99% used [0x597c0000,0x59fbe408,0x59fc0000)
  to   space 10752K, 0% used [0x5ef00000,0x5ef00000,0x5f980000)
 ParOldGen       total 43776K, used 8612K [0x11800000, 0x142c0000, 0x51800000)
  object space 43776K, 19% used [0x11800000,0x120692a0,0x142c0000)
 Metaspace       used 14824K, capacity 15378K, committed 15488K, reserved 15744K
}
Event: 11.874 GC heap before
{Heap before GC invocations=10 (full 0):
 PSYoungGen      total 139008K, used 46331K [0x51800000, 0x5f980000, 0x71800000)
  eden space 130816K, 29% used [0x51800000,0x53d40918,0x597c0000)
  from space 8192K, 99% used [0x597c0000,0x59fbe408,0x59fc0000)
  to   space 10752K, 0% used [0x5ef00000,0x5ef00000,0x5f980000)
 ParOldGen       total 43776K, used 8612K [0x11800000, 0x142c0000, 0x51800000)
  object space 43776K, 19% used [0x11800000,0x120692a0,0x142c0000)
 Metaspace       used 15796K, capacity 16375K, committed 16384K, reserved 16768K
Event: 11.887 GC heap after
Heap after GC invocations=10 (full 0):
 PSYoungGen      total 219136K, used 4259K [0x51800000, 0x5f880000, 0x71800000)
  eden space 209408K, 0% used [0x51800000,0x51800000,0x5e480000)
  from space 9728K, 43% used [0x5ef00000,0x5f328df8,0x5f880000)
  to   space 10240K, 0% used [0x5e480000,0x5e480000,0x5ee80000)
 ParOldGen       total 43776K, used 11263K [0x11800000, 0x142c0000, 0x51800000)
  object space 43776K, 25% used [0x11800000,0x122ffff0,0x142c0000)
 Metaspace       used 15796K, capacity 16375K, committed 16384K, reserved 16768K
}
Event: 11.887 GC heap before
{Heap before GC invocations=11 (full 1):
 PSYoungGen      total 219136K, used 4259K [0x51800000, 0x5f880000, 0x71800000)
  eden space 209408K, 0% used [0x51800000,0x51800000,0x5e480000)
  from space 9728K, 43% used [0x5ef00000,0x5f328df8,0x5f880000)
  to   space 10240K, 0% used [0x5e480000,0x5e480000,0x5ee80000)
 ParOldGen       total 43776K, used 11263K [0x11800000, 0x142c0000, 0x51800000)
  object space 43776K, 25% used [0x11800000,0x122ffff0,0x142c0000)
 Metaspace       used 15796K, capacity 16375K, committed 16384K, reserved 16768K
Event: 11.947 GC heap after
Heap after GC invocations=11 (full 1):
 PSYoungGen      total 219136K, used 0K [0x51800000, 0x5f880000, 0x71800000)
  eden space 209408K, 0% used [0x51800000,0x51800000,0x5e480000)
  from space 9728K, 0% used [0x5ef00000,0x5ef00000,0x5f880000)
  to   space 10240K, 0% used [0x5e480000,0x5e480000,0x5ee80000)
 ParOldGen       total 33280K, used 9613K [0x11800000, 0x13880000, 0x51800000)
  object space 33280K, 28% used [0x11800000,0x12163438,0x13880000)
 Metaspace       used 15796K, capacity 16375K, committed 16384K, reserved 16768K
}
Event: 15.773 GC heap before
{Heap before GC invocations=12 (full 1):
 PSYoungGen      total 219136K, used 209408K [0x51800000, 0x5f880000, 0x71800000)
  eden space 209408K, 100% used [0x51800000,0x5e480000,0x5e480000)
  from space 9728K, 0% used [0x5ef00000,0x5ef00000,0x5f880000)
  to   space 10240K, 0% used [0x5e480000,0x5e480000,0x5ee80000)
 ParOldGen       total 33280K, used 9613K [0x11800000, 0x13880000, 0x51800000)
  object space 33280K, 28% used [0x11800000,0x12163438,0x13880000)
 Metaspace       used 22221K, capacity 23311K, committed 23424K, reserved 23936K
Event: 15.795 GC heap after
Heap after GC invocations=12 (full 1):
 PSYoungGen      total 219648K, used 10227K [0x51800000, 0x65a80000, 0x71800000)
  eden space 209408K, 0% used [0x51800000,0x51800000,0x5e480000)
  from space 10240K, 99% used [0x5e480000,0x5ee7cfd0,0x5ee80000)
  to   space 12288K, 0% used [0x64e80000,0x64e80000,0x65a80000)
 ParOldGen       total 33280K, used 10889K [0x11800000, 0x13880000, 0x51800000)
  object space 33280K, 32% used [0x11800000,0x122a2408,0x13880000)
 Metaspace       used 22221K, capacity 23311K, committed 23424K, reserved 23936K
}

